# JRE version: OpenJDK Runtime Environment (7.0_65-b32) (build 1.7.0_65-b32)
# Java VM: OpenJDK 64-Bit Server VM (24.65-b04 mixed mode linux-amd64 compressed oops)
Heap
 PSYoungGen      total 94720K, used 12784K [0x00000000f5500000, 0x00000000fc100000, 0x0000000100000000)
  eden space 81920K, 0% used [0x00000000f5500000,0x00000000f5500000,0x00000000fa500000)
  from space 12800K, 99% used [0x00000000fa500000,0x00000000fb17c1c0,0x00000000fb180000)
  to   space 9728K, 0% used [0x00000000fb180000,0x00000000fb180000,0x00000000fbb00000)
 ParOldGen       total 32256K, used 31921K [0x00000000e0000000, 0x00000000e1f80000, 0x00000000f5500000)
  object space 32256K, 98% used [0x00000000e0000000,0x00000000e1f2c4b8,0x00000000e1f80000)
 PSPermGen       total 21504K, used 8829K [0x00000000d0000000, 0x00000000d1500000, 0x00000000e0000000)
  object space 21504K, 41% used [0x00000000d0000000,0x00000000d089f6a8,0x00000000d1500000)
GC Heap History (10 events):
Event: 2,729 GC heap after
Heap after GC invocations=4 (full 0):
 PSYoungGen      total 23040K, used 1536K [0x00000000f5500000, 0x00000000f6d00000, 0x0000000100000000)
  eden space 21504K, 0% used [0x00000000f5500000,0x00000000f5500000,0x00000000f6a00000)
  from space 1536K, 100% used [0x00000000f6b80000,0x00000000f6d00000,0x00000000f6d00000)
  to   space 1536K, 0% used [0x00000000f6a00000,0x00000000f6a00000,0x00000000f6b80000)
 ParOldGen       total 27648K, used 8276K [0x00000000e0000000, 0x00000000e1b00000, 0x00000000f5500000)
  object space 27648K, 29% used [0x00000000e0000000,0x00000000e08153a0,0x00000000e1b00000)
 PSPermGen       total 21504K, used 8578K [0x00000000d0000000, 0x00000000d1500000, 0x00000000e0000000)
  object space 21504K, 39% used [0x00000000d0000000,0x00000000d0860a40,0x00000000d1500000)
}
Event: 3,315 GC heap before
{Heap before GC invocations=5 (full 0):
 PSYoungGen      total 23040K, used 23040K [0x00000000f5500000, 0x00000000f6d00000, 0x0000000100000000)
  eden space 21504K, 100% used [0x00000000f5500000,0x00000000f6a00000,0x00000000f6a00000)
  from space 1536K, 100% used [0x00000000f6b80000,0x00000000f6d00000,0x00000000f6d00000)
  to   space 1536K, 0% used [0x00000000f6a00000,0x00000000f6a00000,0x00000000f6b80000)
 ParOldGen       total 27648K, used 8276K [0x00000000e0000000, 0x00000000e1b00000, 0x00000000f5500000)
  object space 27648K, 29% used [0x00000000e0000000,0x00000000e08153a0,0x00000000e1b00000)
 PSPermGen       total 21504K, used 8600K [0x00000000d0000000, 0x00000000d1500000, 0x00000000e0000000)
  object space 21504K, 39% used [0x00000000d0000000,0x00000000d08660d0,0x00000000d1500000)
Event: 3,323 GC heap after
Heap after GC invocations=5 (full 0):
 PSYoungGen      total 23040K, used 1536K [0x00000000f5500000, 0x00000000f8a00000, 0x0000000100000000)
  eden space 21504K, 0% used [0x00000000f5500000,0x00000000f5500000,0x00000000f6a00000)
  from space 1536K, 100% used [0x00000000f6a00000,0x00000000f6b80000,0x00000000f6b80000)
  to   space 5632K, 0% used [0x00000000f8480000,0x00000000f8480000,0x00000000f8a00000)
 ParOldGen       total 27648K, used 11909K [0x00000000e0000000, 0x00000000e1b00000, 0x00000000f5500000)
  object space 27648K, 43% used [0x00000000e0000000,0x00000000e0ba14e0,0x00000000e1b00000)
 PSPermGen       total 21504K, used 8600K [0x00000000d0000000, 0x00000000d1500000, 0x00000000e0000000)
  object space 21504K, 39% used [0x00000000d0000000,0x00000000d08660d0,0x00000000d1500000)
}
Event: 3,855 GC heap before
{Heap before GC invocations=6 (full 0):
 PSYoungGen      total 23040K, used 23040K [0x00000000f5500000, 0x00000000f8a00000, 0x0000000100000000)
  eden space 21504K, 100% used [0x00000000f5500000,0x00000000f6a00000,0x00000000f6a00000)
  from space 1536K, 100% used [0x00000000f6a00000,0x00000000f6b80000,0x00000000f6b80000)
  to   space 5632K, 0% used [0x00000000f8480000,0x00000000f8480000,0x00000000f8a00000)
 ParOldGen       total 27648K, used 11909K [0x00000000e0000000, 0x00000000e1b00000, 0x00000000f5500000)
  object space 27648K, 43% used [0x00000000e0000000,0x00000000e0ba14e0,0x00000000e1b00000)
 PSPermGen       total 21504K, used 8614K [0x00000000d0000000, 0x00000000d1500000, 0x00000000e0000000)
  object space 21504K, 40% used [0x00000000d0000000,0x00000000d0869b20,0x00000000d1500000)
Event: 3,876 GC heap after
Heap after GC invocations=6 (full 0):
 PSYoungGen      total 48128K, used 5481K [0x00000000f5500000, 0x00000000f8b00000, 0x0000000100000000)
  eden space 42496K, 0% used [0x00000000f5500000,0x00000000f5500000,0x00000000f7e80000)
  from space 5632K, 97% used [0x00000000f8480000,0x00000000f89da4e0,0x00000000f8a00000)
  to   space 6144K, 0% used [0x00000000f7e80000,0x00000000f7e80000,0x00000000f8480000)
 ParOldGen       total 27648K, used 11909K [0x00000000e0000000, 0x00000000e1b00000, 0x00000000f5500000)
  object space 27648K, 43% used [0x00000000e0000000,0x00000000e0ba14e0,0x00000000e1b00000)
 PSPermGen       total 21504K, used 8614K [0x00000000d0000000, 0x00000000d1500000, 0x00000000e0000000)
  object space 21504K, 40% used [0x00000000d0000000,0x00000000d0869b20,0x00000000d1500000)
}
Event: 4,969 GC heap before
{Heap before GC invocations=7 (full 0):
 PSYoungGen      total 48128K, used 47977K [0x00000000f5500000, 0x00000000f8b00000, 0x0000000100000000)
  eden space 42496K, 100% used [0x00000000f5500000,0x00000000f7e80000,0x00000000f7e80000)
  from space 5632K, 97% used [0x00000000f8480000,0x00000000f89da4e0,0x00000000f8a00000)
  to   space 6144K, 0% used [0x00000000f7e80000,0x00000000f7e80000,0x00000000f8480000)
 ParOldGen       total 27648K, used 11909K [0x00000000e0000000, 0x00000000e1b00000, 0x00000000f5500000)
  object space 27648K, 43% used [0x00000000e0000000,0x00000000e0ba14e0,0x00000000e1b00000)
 PSPermGen       total 21504K, used 8653K [0x00000000d0000000, 0x00000000d1500000, 0x00000000e0000000)
  object space 21504K, 40% used [0x00000000d0000000,0x00000000d0873558,0x00000000d1500000)
Event: 4,994 GC heap after
Heap after GC invocations=7 (full 0):
 PSYoungGen      total 48640K, used 6116K [0x00000000f5500000, 0x00000000fbb00000, 0x0000000100000000)
  eden space 42496K, 0% used [0x00000000f5500000,0x00000000f5500000,0x00000000f7e80000)
  from space 6144K, 99% used [0x00000000f7e80000,0x00000000f8479250,0x00000000f8480000)
  to   space 9728K, 0% used [0x00000000fb180000,0x00000000fb180000,0x00000000fbb00000)
 ParOldGen       total 27648K, used 16939K [0x00000000e0000000, 0x00000000e1b00000, 0x00000000f5500000)
  object space 27648K, 61% used [0x00000000e0000000,0x00000000e108af30,0x00000000e1b00000)
 PSPermGen       total 21504K, used 8653K [0x00000000d0000000, 0x00000000d1500000, 0x00000000e0000000)
  object space 21504K, 40% used [0x00000000d0000000,0x00000000d0873558,0x00000000d1500000)
}
Event: 5,979 GC heap before
{Heap before GC invocations=8 (full 0):
 PSYoungGen      total 48640K, used 48612K [0x00000000f5500000, 0x00000000fbb00000, 0x0000000100000000)
  eden space 42496K, 100% used [0x00000000f5500000,0x00000000f7e80000,0x00000000f7e80000)
  from space 6144K, 99% used [0x00000000f7e80000,0x00000000f8479250,0x00000000f8480000)
  to   space 9728K, 0% used [0x00000000fb180000,0x00000000fb180000,0x00000000fbb00000)
 ParOldGen       total 27648K, used 16939K [0x00000000e0000000, 0x00000000e1b00000, 0x00000000f5500000)
  object space 27648K, 61% used [0x00000000e0000000,0x00000000e108af30,0x00000000e1b00000)
 PSPermGen       total 21504K, used 8669K [0x00000000d0000000, 0x00000000d1500000, 0x00000000e0000000)
  object space 21504K, 40% used [0x00000000d0000000,0x00000000d08777d0,0x00000000d1500000)
Event: 6,016 GC heap after
Heap after GC invocations=8 (full 0):
 PSYoungGen      total 91648K, used 9700K [0x00000000f5500000, 0x00000000fc100000, 0x0000000100000000)
  eden space 81920K, 0% used [0x00000000f5500000,0x00000000f5500000,0x00000000fa500000)
  from space 9728K, 99% used [0x00000000fb180000,0x00000000fbaf9260,0x00000000fbb00000)
  to   space 12800K, 0% used [0x00000000fa500000,0x00000000fa500000,0x00000000fb180000)
 ParOldGen       total 27648K, used 20580K [0x00000000e0000000, 0x00000000e1b00000, 0x00000000f5500000)
  object space 27648K, 74% used [0x00000000e0000000,0x00000000e14192b8,0x00000000e1b00000)
 PSPermGen       total 21504K, used 8669K [0x00000000d0000000, 0x00000000d1500000, 0x00000000e0000000)
  object space 21504K, 40% used [0x00000000d0000000,0x00000000d08777d0,0x00000000d1500000)
}
Event: 8,473 GC heap before
{Heap before GC invocations=9 (full 0):
 PSYoungGen      total 91648K, used 91620K [0x00000000f5500000, 0x00000000fc100000, 0x0000000100000000)
  eden space 81920K, 100% used [0x00000000f5500000,0x00000000fa500000,0x00000000fa500000)
  from space 9728K, 99% used [0x00000000fb180000,0x00000000fbaf9260,0x00000000fbb00000)
  to   space 12800K, 0% used [0x00000000fa500000,0x00000000fa500000,0x00000000fb180000)
 ParOldGen       total 27648K, used 20580K [0x00000000e0000000, 0x00000000e1b00000, 0x00000000f5500000)
  object space 27648K, 74% used [0x00000000e0000000,0x00000000e14192b8,0x00000000e1b00000)
 PSPermGen       total 21504K, used 8829K [0x00000000d0000000, 0x00000000d1500000, 0x00000000e0000000)
  object space 21504K, 41% used [0x00000000d0000000,0x00000000d089f6a8,0x00000000d1500000)

