# JRE version: OpenJDK Runtime Environment (7.0_65-b32) (build 1.7.0_65-b32)
# Java VM: OpenJDK 64-Bit Server VM (24.65-b04 mixed mode linux-amd64 compressed oops)
Heap
 PSYoungGen      total 159232K, used 0K [0x00000000f5500000, 0x0000000100000000, 0x0000000100000000)
  eden space 144896K, 0% used [0x00000000f5500000,0x00000000f5500000,0x00000000fe280000)
  from space 14336K, 0% used [0x00000000fe280000,0x00000000fe280000,0x00000000ff080000)
  to   space 15872K, 0% used [0x00000000ff080000,0x00000000ff080000,0x0000000100000000)
 ParOldGen       total 59392K, used 51708K [0x00000000e0000000, 0x00000000e3a00000, 0x00000000f5500000)
  object space 59392K, 87% used [0x00000000e0000000,0x00000000e327f2a0,0x00000000e3a00000)
 PSPermGen       total 24576K, used 24264K [0x00000000d0000000, 0x00000000d1800000, 0x00000000e0000000)
  object space 24576K, 98% used [0x00000000d0000000,0x00000000d17b2370,0x00000000d1800000)
GC Heap History (10 events):
Event: 11,996 GC heap after
Heap after GC invocations=24 (full 1):
 PSYoungGen      total 161792K, used 1888K [0x00000000f5500000, 0x0000000100000000, 0x0000000100000000)
  eden space 148480K, 0% used [0x00000000f5500000,0x00000000f5500000,0x00000000fe600000)
  from space 13312K, 14% used [0x00000000fe600000,0x00000000fe7d8000,0x00000000ff300000)
  to   space 12800K, 0% used [0x00000000ff380000,0x00000000ff380000,0x0000000100000000)
 ParOldGen       total 48128K, used 37061K [0x00000000e0000000, 0x00000000e2f00000, 0x00000000f5500000)
  object space 48128K, 77% used [0x00000000e0000000,0x00000000e2431540,0x00000000e2f00000)
 PSPermGen       total 21504K, used 8996K [0x00000000d0000000, 0x00000000d1500000, 0x00000000e0000000)
  object space 21504K, 41% used [0x00000000d0000000,0x00000000d08c93e8,0x00000000d1500000)
}
Event: 12,947 GC heap before
{Heap before GC invocations=25 (full 1):
 PSYoungGen      total 161792K, used 150368K [0x00000000f5500000, 0x0000000100000000, 0x0000000100000000)
  eden space 148480K, 100% used [0x00000000f5500000,0x00000000fe600000,0x00000000fe600000)
  from space 13312K, 14% used [0x00000000fe600000,0x00000000fe7d8000,0x00000000ff300000)
  to   space 12800K, 0% used [0x00000000ff380000,0x00000000ff380000,0x0000000100000000)
 ParOldGen       total 48128K, used 37061K [0x00000000e0000000, 0x00000000e2f00000, 0x00000000f5500000)
  object space 48128K, 77% used [0x00000000e0000000,0x00000000e2431540,0x00000000e2f00000)
 PSPermGen       total 21504K, used 8998K [0x00000000d0000000, 0x00000000d1500000, 0x00000000e0000000)
  object space 21504K, 41% used [0x00000000d0000000,0x00000000d08c9930,0x00000000d1500000)
Event: 12,984 GC heap after
Heap after GC invocations=25 (full 1):
 PSYoungGen      total 157184K, used 12800K [0x00000000f5500000, 0x0000000100000000, 0x0000000100000000)
  eden space 144384K, 0% used [0x00000000f5500000,0x00000000f5500000,0x00000000fe200000)
  from space 12800K, 100% used [0x00000000ff380000,0x0000000100000000,0x0000000100000000)
  to   space 15360K, 0% used [0x00000000fe200000,0x00000000fe200000,0x00000000ff100000)
 ParOldGen       total 48128K, used 37885K [0x00000000e0000000, 0x00000000e2f00000, 0x00000000f5500000)
  object space 48128K, 78% used [0x00000000e0000000,0x00000000e24ff540,0x00000000e2f00000)
 PSPermGen       total 21504K, used 8998K [0x00000000d0000000, 0x00000000d1500000, 0x00000000e0000000)
  object space 21504K, 41% used [0x00000000d0000000,0x00000000d08c9930,0x00000000d1500000)
}
Event: 13,202 GC heap before
{Heap before GC invocations=26 (full 1):
 PSYoungGen      total 157184K, used 157184K [0x00000000f5500000, 0x0000000100000000, 0x0000000100000000)
  eden space 144384K, 100% used [0x00000000f5500000,0x00000000fe200000,0x00000000fe200000)
  from space 12800K, 100% used [0x00000000ff380000,0x0000000100000000,0x0000000100000000)
  to   space 15360K, 0% used [0x00000000fe200000,0x00000000fe200000,0x00000000ff100000)
 ParOldGen       total 48128K, used 37885K [0x00000000e0000000, 0x00000000e2f00000, 0x00000000f5500000)
  object space 48128K, 78% used [0x00000000e0000000,0x00000000e24ff540,0x00000000e2f00000)
 PSPermGen       total 21504K, used 9000K [0x00000000d0000000, 0x00000000d1500000, 0x00000000e0000000)
  object space 21504K, 41% used [0x00000000d0000000,0x00000000d08ca0d0,0x00000000d1500000)
Event: 13,215 GC heap after
Heap after GC invocations=26 (full 1):
 PSYoungGen      total 159744K, used 4128K [0x00000000f5500000, 0x0000000100000000, 0x0000000100000000)
  eden space 144384K, 0% used [0x00000000f5500000,0x00000000f5500000,0x00000000fe200000)
  from space 15360K, 26% used [0x00000000fe200000,0x00000000fe608000,0x00000000ff100000)
  to   space 14848K, 0% used [0x00000000ff180000,0x00000000ff180000,0x0000000100000000)
 ParOldGen       total 48128K, used 38077K [0x00000000e0000000, 0x00000000e2f00000, 0x00000000f5500000)
  object space 48128K, 79% used [0x00000000e0000000,0x00000000e252f560,0x00000000e2f00000)
 PSPermGen       total 21504K, used 9000K [0x00000000d0000000, 0x00000000d1500000, 0x00000000e0000000)
  object space 21504K, 41% used [0x00000000d0000000,0x00000000d08ca0d0,0x00000000d1500000)
}
Event: 14,800 GC heap before
{Heap before GC invocations=27 (full 1):
 PSYoungGen      total 159744K, used 148512K [0x00000000f5500000, 0x0000000100000000, 0x0000000100000000)
  eden space 144384K, 100% used [0x00000000f5500000,0x00000000fe200000,0x00000000fe200000)
  from space 15360K, 26% used [0x00000000fe200000,0x00000000fe608000,0x00000000ff100000)
  to   space 14848K, 0% used [0x00000000ff180000,0x00000000ff180000,0x0000000100000000)
 ParOldGen       total 48128K, used 38077K [0x00000000e0000000, 0x00000000e2f00000, 0x00000000f5500000)
  object space 48128K, 79% used [0x00000000e0000000,0x00000000e252f560,0x00000000e2f00000)
 PSPermGen       total 21504K, used 11533K [0x00000000d0000000, 0x00000000d1500000, 0x00000000e0000000)
  object space 21504K, 53% used [0x00000000d0000000,0x00000000d0b43478,0x00000000d1500000)
Event: 14,826 GC heap after
Heap after GC invocations=27 (full 1):
 PSYoungGen      total 158208K, used 3123K [0x00000000f5500000, 0x00000000ffe80000, 0x0000000100000000)
  eden space 144896K, 0% used [0x00000000f5500000,0x00000000f5500000,0x00000000fe280000)
  from space 13312K, 23% used [0x00000000ff180000,0x00000000ff48cd80,0x00000000ffe80000)
  to   space 14336K, 0% used [0x00000000fe280000,0x00000000fe280000,0x00000000ff080000)
 ParOldGen       total 48128K, used 41281K [0x00000000e0000000, 0x00000000e2f00000, 0x00000000f5500000)
  object space 48128K, 85% used [0x00000000e0000000,0x00000000e2850590,0x00000000e2f00000)
 PSPermGen       total 21504K, used 11533K [0x00000000d0000000, 0x00000000d1500000, 0x00000000e0000000)
  object space 21504K, 53% used [0x00000000d0000000,0x00000000d0b43478,0x00000000d1500000)
}
Event: 32,244 GC heap before
{Heap before GC invocations=28 (full 1):
 PSYoungGen      total 158208K, used 148019K [0x00000000f5500000, 0x00000000ffe80000, 0x0000000100000000)
  eden space 144896K, 100% used [0x00000000f5500000,0x00000000fe280000,0x00000000fe280000)
  from space 13312K, 23% used [0x00000000ff180000,0x00000000ff48cd80,0x00000000ffe80000)
  to   space 14336K, 0% used [0x00000000fe280000,0x00000000fe280000,0x00000000ff080000)
 ParOldGen       total 48128K, used 41281K [0x00000000e0000000, 0x00000000e2f00000, 0x00000000f5500000)
  object space 48128K, 85% used [0x00000000e0000000,0x00000000e2850590,0x00000000e2f00000)
 PSPermGen       total 24576K, used 24277K [0x00000000d0000000, 0x00000000d1800000, 0x00000000e0000000)
  object space 24576K, 98% used [0x00000000d0000000,0x00000000d17b54c0,0x00000000d1800000)
Event: 32,451 GC heap after
Heap after GC invocations=28 (full 1):
 PSYoungGen      total 159232K, used 14311K [0x00000000f5500000, 0x0000000100000000, 0x0000000100000000)
  eden space 144896K, 0% used [0x00000000f5500000,0x00000000f5500000,0x00000000fe280000)
  from space 14336K, 99% used [0x00000000fe280000,0x00000000ff079e58,0x00000000ff080000)
  to   space 15872K, 0% used [0x00000000ff080000,0x00000000ff080000,0x0000000100000000)
 ParOldGen       total 59392K, used 59185K [0x00000000e0000000, 0x00000000e3a00000, 0x00000000f5500000)
  object space 59392K, 99% used [0x00000000e0000000,0x00000000e39cc6b8,0x00000000e3a00000)
 PSPermGen       total 24576K, used 24277K [0x00000000d0000000, 0x00000000d1800000, 0x00000000e0000000)
  object space 24576K, 98% used [0x00000000d0000000,0x00000000d17b54c0,0x00000000d1800000)
}
Event: 32,453 GC heap before
{Heap before GC invocations=29 (full 2):
 PSYoungGen      total 159232K, used 14311K [0x00000000f5500000, 0x0000000100000000, 0x0000000100000000)
  eden space 144896K, 0% used [0x00000000f5500000,0x00000000f5500000,0x00000000fe280000)
  from space 14336K, 99% used [0x00000000fe280000,0x00000000ff079e58,0x00000000ff080000)
  to   space 15872K, 0% used [0x00000000ff080000,0x00000000ff080000,0x0000000100000000)
 ParOldGen       total 59392K, used 59185K [0x00000000e0000000, 0x00000000e3a00000, 0x00000000f5500000)
  object space 59392K, 99% used [0x00000000e0000000,0x00000000e39cc6b8,0x00000000e3a00000)
 PSPermGen       total 24576K, used 24277K [0x00000000d0000000, 0x00000000d1800000, 0x00000000e0000000)
  object space 24576K, 98% used [0x00000000d0000000,0x00000000d17b54c0,0x00000000d1800000)

