# JRE version: OpenJDK Runtime Environment (7.0_65-b32) (build 1.7.0_65-b32)
# Java VM: OpenJDK 64-Bit Server VM (24.65-b04 mixed mode linux-amd64 compressed oops)
Heap
 PSYoungGen      total 145920K, used 0K [0x00000000f5500000, 0x0000000100000000, 0x0000000100000000)
  eden space 120320K, 0% used [0x00000000f5500000,0x00000000f5500000,0x00000000fca80000)
  from space 25600K, 0% used [0x00000000fca80000,0x00000000fca80000,0x00000000fe380000)
  to   space 29184K, 0% used [0x00000000fe380000,0x00000000fe380000,0x0000000100000000)
 ParOldGen       total 56320K, used 48715K [0x00000000e0000000, 0x00000000e3700000, 0x00000000f5500000)
  object space 56320K, 86% used [0x00000000e0000000,0x00000000e2f92ce8,0x00000000e3700000)
 PSPermGen       total 23552K, used 23394K [0x00000000d0000000, 0x00000000d1700000, 0x00000000e0000000)
  object space 23552K, 99% used [0x00000000d0000000,0x00000000d16d8818,0x00000000d1700000)
GC Heap History (10 events):
Event: 10,994 GC heap after
Heap after GC invocations=20 (full 1):
 PSYoungGen      total 150016K, used 24064K [0x00000000f5500000, 0x0000000100000000, 0x0000000100000000)
  eden space 125952K, 0% used [0x00000000f5500000,0x00000000f5500000,0x00000000fd000000)
  from space 24064K, 100% used [0x00000000fd000000,0x00000000fe780000,0x00000000fe780000)
  to   space 25088K, 0% used [0x00000000fe780000,0x00000000fe780000,0x0000000100000000)
 ParOldGen       total 56320K, used 45504K [0x00000000e0000000, 0x00000000e3700000, 0x00000000f5500000)
  object space 56320K, 80% used [0x00000000e0000000,0x00000000e2c70310,0x00000000e3700000)
 PSPermGen       total 21504K, used 8998K [0x00000000d0000000, 0x00000000d1500000, 0x00000000e0000000)
  object space 21504K, 41% used [0x00000000d0000000,0x00000000d08c9ba8,0x00000000d1500000)
}
Event: 11,167 GC heap before
{Heap before GC invocations=21 (full 1):
 PSYoungGen      total 150016K, used 150016K [0x00000000f5500000, 0x0000000100000000, 0x0000000100000000)
  eden space 125952K, 100% used [0x00000000f5500000,0x00000000fd000000,0x00000000fd000000)
  from space 24064K, 100% used [0x00000000fd000000,0x00000000fe780000,0x00000000fe780000)
  to   space 25088K, 0% used [0x00000000fe780000,0x00000000fe780000,0x0000000100000000)
 ParOldGen       total 56320K, used 45504K [0x00000000e0000000, 0x00000000e3700000, 0x00000000f5500000)
  object space 56320K, 80% used [0x00000000e0000000,0x00000000e2c70310,0x00000000e3700000)
 PSPermGen       total 21504K, used 8999K [0x00000000d0000000, 0x00000000d1500000, 0x00000000e0000000)
  object space 21504K, 41% used [0x00000000d0000000,0x00000000d08c9ca0,0x00000000d1500000)
Event: 11,222 GC heap after
Heap after GC invocations=21 (full 1):
 PSYoungGen      total 143872K, used 1952K [0x00000000f5500000, 0x0000000100000000, 0x0000000100000000)
  eden space 118784K, 0% used [0x00000000f5500000,0x00000000f5500000,0x00000000fc900000)
  from space 25088K, 7% used [0x00000000fe780000,0x00000000fe968000,0x0000000100000000)
  to   space 28160K, 0% used [0x00000000fc900000,0x00000000fc900000,0x00000000fe480000)
 ParOldGen       total 56320K, used 45680K [0x00000000e0000000, 0x00000000e3700000, 0x00000000f5500000)
  object space 56320K, 81% used [0x00000000e0000000,0x00000000e2c9c330,0x00000000e3700000)
 PSPermGen       total 21504K, used 8999K [0x00000000d0000000, 0x00000000d1500000, 0x00000000e0000000)
  object space 21504K, 41% used [0x00000000d0000000,0x00000000d08c9ca0,0x00000000d1500000)
}
Event: 11,409 GC heap before
{Heap before GC invocations=22 (full 1):
 PSYoungGen      total 143872K, used 120736K [0x00000000f5500000, 0x0000000100000000, 0x0000000100000000)
  eden space 118784K, 100% used [0x00000000f5500000,0x00000000fc900000,0x00000000fc900000)
  from space 25088K, 7% used [0x00000000fe780000,0x00000000fe968000,0x0000000100000000)
  to   space 28160K, 0% used [0x00000000fc900000,0x00000000fc900000,0x00000000fe480000)
 ParOldGen       total 56320K, used 45680K [0x00000000e0000000, 0x00000000e3700000, 0x00000000f5500000)
  object space 56320K, 81% used [0x00000000e0000000,0x00000000e2c9c330,0x00000000e3700000)
 PSPermGen       total 21504K, used 9000K [0x00000000d0000000, 0x00000000d1500000, 0x00000000e0000000)
  object space 21504K, 41% used [0x00000000d0000000,0x00000000d08ca068,0x00000000d1500000)
Event: 11,419 GC heap after
Heap after GC invocations=22 (full 1):
 PSYoungGen      total 146944K, used 10112K [0x00000000f5500000, 0x0000000100000000, 0x0000000100000000)
  eden space 118784K, 0% used [0x00000000f5500000,0x00000000f5500000,0x00000000fc900000)
  from space 28160K, 35% used [0x00000000fc900000,0x00000000fd2e0000,0x00000000fe480000)
  to   space 26624K, 0% used [0x00000000fe600000,0x00000000fe600000,0x0000000100000000)
 ParOldGen       total 56320K, used 45752K [0x00000000e0000000, 0x00000000e3700000, 0x00000000f5500000)
  object space 56320K, 81% used [0x00000000e0000000,0x00000000e2cae340,0x00000000e3700000)
 PSPermGen       total 21504K, used 9000K [0x00000000d0000000, 0x00000000d1500000, 0x00000000e0000000)
  object space 21504K, 41% used [0x00000000d0000000,0x00000000d08ca068,0x00000000d1500000)
}
Event: 20,349 GC heap before
{Heap before GC invocations=23 (full 1):
 PSYoungGen      total 146944K, used 128896K [0x00000000f5500000, 0x0000000100000000, 0x0000000100000000)
  eden space 118784K, 100% used [0x00000000f5500000,0x00000000fc900000,0x00000000fc900000)
  from space 28160K, 35% used [0x00000000fc900000,0x00000000fd2e0000,0x00000000fe480000)
  to   space 26624K, 0% used [0x00000000fe600000,0x00000000fe600000,0x0000000100000000)
 ParOldGen       total 56320K, used 45752K [0x00000000e0000000, 0x00000000e3700000, 0x00000000f5500000)
  object space 56320K, 81% used [0x00000000e0000000,0x00000000e2cae340,0x00000000e3700000)
 PSPermGen       total 21504K, used 11637K [0x00000000d0000000, 0x00000000d1500000, 0x00000000e0000000)
  object space 21504K, 54% used [0x00000000d0000000,0x00000000d0b5d7f8,0x00000000d1500000)
Event: 20,398 GC heap after
Heap after GC invocations=23 (full 1):
 PSYoungGen      total 143360K, used 6250K [0x00000000f5500000, 0x00000000ffc80000, 0x0000000100000000)
  eden space 120320K, 0% used [0x00000000f5500000,0x00000000f5500000,0x00000000fca80000)
  from space 23040K, 27% used [0x00000000fe600000,0x00000000fec1aa20,0x00000000ffc80000)
  to   space 25600K, 0% used [0x00000000fca80000,0x00000000fca80000,0x00000000fe380000)
 ParOldGen       total 56320K, used 45824K [0x00000000e0000000, 0x00000000e3700000, 0x00000000f5500000)
  object space 56320K, 81% used [0x00000000e0000000,0x00000000e2cc0340,0x00000000e3700000)
 PSPermGen       total 21504K, used 11637K [0x00000000d0000000, 0x00000000d1500000, 0x00000000e0000000)
  object space 21504K, 54% used [0x00000000d0000000,0x00000000d0b5d7f8,0x00000000d1500000)
}
Event: 42,643 GC heap before
{Heap before GC invocations=24 (full 1):
 PSYoungGen      total 143360K, used 126570K [0x00000000f5500000, 0x00000000ffc80000, 0x0000000100000000)
  eden space 120320K, 100% used [0x00000000f5500000,0x00000000fca80000,0x00000000fca80000)
  from space 23040K, 27% used [0x00000000fe600000,0x00000000fec1aa20,0x00000000ffc80000)
  to   space 25600K, 0% used [0x00000000fca80000,0x00000000fca80000,0x00000000fe380000)
 ParOldGen       total 56320K, used 45824K [0x00000000e0000000, 0x00000000e3700000, 0x00000000f5500000)
  object space 56320K, 81% used [0x00000000e0000000,0x00000000e2cc0340,0x00000000e3700000)
 PSPermGen       total 23552K, used 23403K [0x00000000d0000000, 0x00000000d1700000, 0x00000000e0000000)
  object space 23552K, 99% used [0x00000000d0000000,0x00000000d16dac98,0x00000000d1700000)
Event: 42,973 GC heap after
Heap after GC invocations=24 (full 1):
 PSYoungGen      total 145920K, used 25369K [0x00000000f5500000, 0x0000000100000000, 0x0000000100000000)
  eden space 120320K, 0% used [0x00000000f5500000,0x00000000f5500000,0x00000000fca80000)
  from space 25600K, 99% used [0x00000000fca80000,0x00000000fe3465e0,0x00000000fe380000)
  to   space 29184K, 0% used [0x00000000fe380000,0x00000000fe380000,0x0000000100000000)
 ParOldGen       total 56320K, used 49915K [0x00000000e0000000, 0x00000000e3700000, 0x00000000f5500000)
  object space 56320K, 88% used [0x00000000e0000000,0x00000000e30bee48,0x00000000e3700000)
 PSPermGen       total 23552K, used 23403K [0x00000000d0000000, 0x00000000d1700000, 0x00000000e0000000)
  object space 23552K, 99% used [0x00000000d0000000,0x00000000d16dac98,0x00000000d1700000)
}
Event: 42,996 GC heap before
{Heap before GC invocations=25 (full 2):
 PSYoungGen      total 145920K, used 25369K [0x00000000f5500000, 0x0000000100000000, 0x0000000100000000)
  eden space 120320K, 0% used [0x00000000f5500000,0x00000000f5500000,0x00000000fca80000)
  from space 25600K, 99% used [0x00000000fca80000,0x00000000fe3465e0,0x00000000fe380000)
  to   space 29184K, 0% used [0x00000000fe380000,0x00000000fe380000,0x0000000100000000)
 ParOldGen       total 56320K, used 49915K [0x00000000e0000000, 0x00000000e3700000, 0x00000000f5500000)
  object space 56320K, 88% used [0x00000000e0000000,0x00000000e30bee48,0x00000000e3700000)
 PSPermGen       total 23552K, used 23403K [0x00000000d0000000, 0x00000000d1700000, 0x00000000e0000000)
  object space 23552K, 99% used [0x00000000d0000000,0x00000000d16dac98,0x00000000d1700000)

