# JRE version: OpenJDK Runtime Environment (7.0_65-b32) (build 1.7.0_65-b32)
# Java VM: OpenJDK 64-Bit Server VM (24.65-b04 mixed mode linux-amd64 compressed oops)
Heap
 PSYoungGen      total 143872K, used 0K [0x00000000f5500000, 0x0000000100000000, 0x0000000100000000)
  eden space 125952K, 0% used [0x00000000f5500000,0x00000000f5500000,0x00000000fd000000)
  from space 17920K, 0% used [0x00000000fee80000,0x00000000fee80000,0x0000000100000000)
  to   space 24576K, 0% used [0x00000000fd000000,0x00000000fd000000,0x00000000fe800000)
 ParOldGen       total 54272K, used 50331K [0x00000000e0000000, 0x00000000e3500000, 0x00000000f5500000)
  object space 54272K, 92% used [0x00000000e0000000,0x00000000e3126c18,0x00000000e3500000)
 PSPermGen       total 21504K, used 8899K [0x00000000d0000000, 0x00000000d1500000, 0x00000000e0000000)
  object space 21504K, 41% used [0x00000000d0000000,0x00000000d08b0e20,0x00000000d1500000)
GC Heap History (10 events):
Event: 5,430 GC heap after
Heap after GC invocations=9 (full 0):
 PSYoungGen      total 94208K, used 12266K [0x00000000f5500000, 0x00000000ff900000, 0x0000000100000000)
  eden space 81920K, 0% used [0x00000000f5500000,0x00000000f5500000,0x00000000fa500000)
  from space 12288K, 99% used [0x00000000fa500000,0x00000000fb0fa8e0,0x00000000fb100000)
  to   space 18432K, 0% used [0x00000000fe700000,0x00000000fe700000,0x00000000ff900000)
 ParOldGen       total 31232K, used 31140K [0x00000000e0000000, 0x00000000e1e80000, 0x00000000f5500000)
  object space 31232K, 99% used [0x00000000e0000000,0x00000000e1e69210,0x00000000e1e80000)
 PSPermGen       total 21504K, used 8830K [0x00000000d0000000, 0x00000000d1500000, 0x00000000e0000000)
  object space 21504K, 41% used [0x00000000d0000000,0x00000000d089f808,0x00000000d1500000)
}
Event: 5,433 GC heap before
{Heap before GC invocations=10 (full 1):
 PSYoungGen      total 94208K, used 12266K [0x00000000f5500000, 0x00000000ff900000, 0x0000000100000000)
  eden space 81920K, 0% used [0x00000000f5500000,0x00000000f5500000,0x00000000fa500000)
  from space 12288K, 99% used [0x00000000fa500000,0x00000000fb0fa8e0,0x00000000fb100000)
  to   space 18432K, 0% used [0x00000000fe700000,0x00000000fe700000,0x00000000ff900000)
 ParOldGen       total 31232K, used 31140K [0x00000000e0000000, 0x00000000e1e80000, 0x00000000f5500000)
  object space 31232K, 99% used [0x00000000e0000000,0x00000000e1e69210,0x00000000e1e80000)
 PSPermGen       total 21504K, used 8830K [0x00000000d0000000, 0x00000000d1500000, 0x00000000e0000000)
  object space 21504K, 41% used [0x00000000d0000000,0x00000000d089f808,0x00000000d1500000)
Event: 5,576 GC heap after
Heap after GC invocations=10 (full 1):
 PSYoungGen      total 94208K, used 4048K [0x00000000f5500000, 0x00000000ff900000, 0x0000000100000000)
  eden space 81920K, 0% used [0x00000000f5500000,0x00000000f5500000,0x00000000fa500000)
  from space 12288K, 32% used [0x00000000fa500000,0x00000000fa8f40d8,0x00000000fb100000)
  to   space 18432K, 0% used [0x00000000fe700000,0x00000000fe700000,0x00000000ff900000)
 ParOldGen       total 54272K, used 30805K [0x00000000e0000000, 0x00000000e3500000, 0x00000000f5500000)
  object space 54272K, 56% used [0x00000000e0000000,0x00000000e1e154d0,0x00000000e3500000)
 PSPermGen       total 21504K, used 8827K [0x00000000d0000000, 0x00000000d1500000, 0x00000000e0000000)
  object space 21504K, 41% used [0x00000000d0000000,0x00000000d089ee38,0x00000000d1500000)
}
Event: 7,301 GC heap before
{Heap before GC invocations=11 (full 1):
 PSYoungGen      total 94208K, used 85968K [0x00000000f5500000, 0x00000000ff900000, 0x0000000100000000)
  eden space 81920K, 100% used [0x00000000f5500000,0x00000000fa500000,0x00000000fa500000)
  from space 12288K, 32% used [0x00000000fa500000,0x00000000fa8f40d8,0x00000000fb100000)
  to   space 18432K, 0% used [0x00000000fe700000,0x00000000fe700000,0x00000000ff900000)
 ParOldGen       total 54272K, used 30805K [0x00000000e0000000, 0x00000000e3500000, 0x00000000f5500000)
  object space 54272K, 56% used [0x00000000e0000000,0x00000000e1e154d0,0x00000000e3500000)
 PSPermGen       total 21504K, used 8886K [0x00000000d0000000, 0x00000000d1500000, 0x00000000e0000000)
  object space 21504K, 41% used [0x00000000d0000000,0x00000000d08ad848,0x00000000d1500000)
Event: 7,320 GC heap after
Heap after GC invocations=11 (full 1):
 PSYoungGen      total 115200K, used 6560K [0x00000000f5500000, 0x00000000fed80000, 0x0000000100000000)
  eden space 108544K, 0% used [0x00000000f5500000,0x00000000f5500000,0x00000000fbf00000)
  from space 6656K, 98% used [0x00000000fe700000,0x00000000fed68000,0x00000000fed80000)
  to   space 17920K, 0% used [0x00000000fca80000,0x00000000fca80000,0x00000000fdc00000)
 ParOldGen       total 54272K, used 34146K [0x00000000e0000000, 0x00000000e3500000, 0x00000000f5500000)
  object space 54272K, 62% used [0x00000000e0000000,0x00000000e2158920,0x00000000e3500000)
 PSPermGen       total 21504K, used 8886K [0x00000000d0000000, 0x00000000d1500000, 0x00000000e0000000)
  object space 21504K, 41% used [0x00000000d0000000,0x00000000d08ad848,0x00000000d1500000)
}
Event: 7,921 GC heap before
{Heap before GC invocations=12 (full 1):
 PSYoungGen      total 115200K, used 115104K [0x00000000f5500000, 0x00000000fed80000, 0x0000000100000000)
  eden space 108544K, 100% used [0x00000000f5500000,0x00000000fbf00000,0x00000000fbf00000)
  from space 6656K, 98% used [0x00000000fe700000,0x00000000fed68000,0x00000000fed80000)
  to   space 17920K, 0% used [0x00000000fca80000,0x00000000fca80000,0x00000000fdc00000)
 ParOldGen       total 54272K, used 34146K [0x00000000e0000000, 0x00000000e3500000, 0x00000000f5500000)
  object space 54272K, 62% used [0x00000000e0000000,0x00000000e2158920,0x00000000e3500000)
 PSPermGen       total 21504K, used 8888K [0x00000000d0000000, 0x00000000d1500000, 0x00000000e0000000)
  object space 21504K, 41% used [0x00000000d0000000,0x00000000d08ae0f8,0x00000000d1500000)
Event: 7,929 GC heap after
Heap after GC invocations=12 (full 1):
 PSYoungGen      total 138240K, used 864K [0x00000000f5500000, 0x0000000100000000, 0x0000000100000000)
  eden space 120320K, 0% used [0x00000000f5500000,0x00000000f5500000,0x00000000fca80000)
  from space 17920K, 4% used [0x00000000fca80000,0x00000000fcb58000,0x00000000fdc00000)
  to   space 17920K, 0% used [0x00000000fee80000,0x00000000fee80000,0x0000000100000000)
 ParOldGen       total 54272K, used 37906K [0x00000000e0000000, 0x00000000e3500000, 0x00000000f5500000)
  object space 54272K, 69% used [0x00000000e0000000,0x00000000e2504a10,0x00000000e3500000)
 PSPermGen       total 21504K, used 8888K [0x00000000d0000000, 0x00000000d1500000, 0x00000000e0000000)
  object space 21504K, 41% used [0x00000000d0000000,0x00000000d08ae0f8,0x00000000d1500000)
}
Event: 8,176 GC heap before
{Heap before GC invocations=13 (full 1):
 PSYoungGen      total 138240K, used 121184K [0x00000000f5500000, 0x0000000100000000, 0x0000000100000000)
  eden space 120320K, 100% used [0x00000000f5500000,0x00000000fca80000,0x00000000fca80000)
  from space 17920K, 4% used [0x00000000fca80000,0x00000000fcb58000,0x00000000fdc00000)
  to   space 17920K, 0% used [0x00000000fee80000,0x00000000fee80000,0x0000000100000000)
 ParOldGen       total 54272K, used 37906K [0x00000000e0000000, 0x00000000e3500000, 0x00000000f5500000)
  object space 54272K, 69% used [0x00000000e0000000,0x00000000e2504a10,0x00000000e3500000)
 PSPermGen       total 21504K, used 8899K [0x00000000d0000000, 0x00000000d1500000, 0x00000000e0000000)
  object space 21504K, 41% used [0x00000000d0000000,0x00000000d08b0fe0,0x00000000d1500000)
Event: 8,267 GC heap after
Heap after GC invocations=13 (full 1):
 PSYoungGen      total 143872K, used 17920K [0x00000000f5500000, 0x0000000100000000, 0x0000000100000000)
  eden space 125952K, 0% used [0x00000000f5500000,0x00000000f5500000,0x00000000fd000000)
  from space 17920K, 100% used [0x00000000fee80000,0x0000000100000000,0x0000000100000000)
  to   space 24576K, 0% used [0x00000000fd000000,0x00000000fd000000,0x00000000fe800000)
 ParOldGen       total 54272K, used 48550K [0x00000000e0000000, 0x00000000e3500000, 0x00000000f5500000)
  object space 54272K, 89% used [0x00000000e0000000,0x00000000e2f69ac0,0x00000000e3500000)
 PSPermGen       total 21504K, used 8899K [0x00000000d0000000, 0x00000000d1500000, 0x00000000e0000000)
  object space 21504K, 41% used [0x00000000d0000000,0x00000000d08b0fe0,0x00000000d1500000)
}
Event: 8,267 GC heap before
{Heap before GC invocations=14 (full 2):
 PSYoungGen      total 143872K, used 17920K [0x00000000f5500000, 0x0000000100000000, 0x0000000100000000)
  eden space 125952K, 0% used [0x00000000f5500000,0x00000000f5500000,0x00000000fd000000)
  from space 17920K, 100% used [0x00000000fee80000,0x0000000100000000,0x0000000100000000)
  to   space 24576K, 0% used [0x00000000fd000000,0x00000000fd000000,0x00000000fe800000)
 ParOldGen       total 54272K, used 48550K [0x00000000e0000000, 0x00000000e3500000, 0x00000000f5500000)
  object space 54272K, 89% used [0x00000000e0000000,0x00000000e2f69ac0,0x00000000e3500000)
 PSPermGen       total 21504K, used 8899K [0x00000000d0000000, 0x00000000d1500000, 0x00000000e0000000)
  object space 21504K, 41% used [0x00000000d0000000,0x00000000d08b0fe0,0x00000000d1500000)

