# JRE version: OpenJDK Runtime Environment (7.0_65-b32) (build 1.7.0_65-b32)
# Java VM: OpenJDK 64-Bit Server VM (24.65-b04 mixed mode linux-amd64 compressed oops)
Heap
 PSYoungGen      total 141312K, used 0K [0x00000000f5500000, 0x0000000100000000, 0x0000000100000000)
  eden space 123904K, 0% used [0x00000000f5500000,0x00000000f5500000,0x00000000fce00000)
  from space 17408K, 0% used [0x00000000fef00000,0x00000000fef00000,0x0000000100000000)
  to   space 25600K, 0% used [0x00000000fce00000,0x00000000fce00000,0x00000000fe700000)
 ParOldGen       total 54784K, used 53073K [0x00000000e0000000, 0x00000000e3580000, 0x00000000f5500000)
  object space 54784K, 96% used [0x00000000e0000000,0x00000000e33d4798,0x00000000e3580000)
 PSPermGen       total 21504K, used 8900K [0x00000000d0000000, 0x00000000d1500000, 0x00000000e0000000)
  object space 21504K, 41% used [0x00000000d0000000,0x00000000d08b1238,0x00000000d1500000)
GC Heap History (10 events):
Event: 6,654 GC heap after
Heap after GC invocations=9 (full 0):
 PSYoungGen      total 94208K, used 12778K [0x00000000f5500000, 0x00000000ff880000, 0x0000000100000000)
  eden space 81408K, 0% used [0x00000000f5500000,0x00000000f5500000,0x00000000fa480000)
  from space 12800K, 99% used [0x00000000fa480000,0x00000000fb0fa900,0x00000000fb100000)
  to   space 18432K, 0% used [0x00000000fe680000,0x00000000fe680000,0x00000000ff880000)
 ParOldGen       total 30720K, used 30634K [0x00000000e0000000, 0x00000000e1e00000, 0x00000000f5500000)
  object space 30720K, 99% used [0x00000000e0000000,0x00000000e1dea8d8,0x00000000e1e00000)
 PSPermGen       total 21504K, used 8829K [0x00000000d0000000, 0x00000000d1500000, 0x00000000e0000000)
  object space 21504K, 41% used [0x00000000d0000000,0x00000000d089f5b0,0x00000000d1500000)
}
Event: 6,657 GC heap before
{Heap before GC invocations=10 (full 1):
 PSYoungGen      total 94208K, used 12778K [0x00000000f5500000, 0x00000000ff880000, 0x0000000100000000)
  eden space 81408K, 0% used [0x00000000f5500000,0x00000000f5500000,0x00000000fa480000)
  from space 12800K, 99% used [0x00000000fa480000,0x00000000fb0fa900,0x00000000fb100000)
  to   space 18432K, 0% used [0x00000000fe680000,0x00000000fe680000,0x00000000ff880000)
 ParOldGen       total 30720K, used 30634K [0x00000000e0000000, 0x00000000e1e00000, 0x00000000f5500000)
  object space 30720K, 99% used [0x00000000e0000000,0x00000000e1dea8d8,0x00000000e1e00000)
 PSPermGen       total 21504K, used 8829K [0x00000000d0000000, 0x00000000d1500000, 0x00000000e0000000)
  object space 21504K, 41% used [0x00000000d0000000,0x00000000d089f5b0,0x00000000d1500000)
Event: 6,807 GC heap after
Heap after GC invocations=10 (full 1):
 PSYoungGen      total 94208K, used 8107K [0x00000000f5500000, 0x00000000ff880000, 0x0000000100000000)
  eden space 81408K, 0% used [0x00000000f5500000,0x00000000f5500000,0x00000000fa480000)
  from space 12800K, 63% used [0x00000000fa480000,0x00000000fac6ae40,0x00000000fb100000)
  to   space 18432K, 0% used [0x00000000fe680000,0x00000000fe680000,0x00000000ff880000)
 ParOldGen       total 54272K, used 30218K [0x00000000e0000000, 0x00000000e3500000, 0x00000000f5500000)
  object space 54272K, 55% used [0x00000000e0000000,0x00000000e1d82a08,0x00000000e3500000)
 PSPermGen       total 21504K, used 8827K [0x00000000d0000000, 0x00000000d1500000, 0x00000000e0000000)
  object space 21504K, 41% used [0x00000000d0000000,0x00000000d089ec60,0x00000000d1500000)
}
Event: 8,781 GC heap before
{Heap before GC invocations=11 (full 1):
 PSYoungGen      total 94208K, used 89515K [0x00000000f5500000, 0x00000000ff880000, 0x0000000100000000)
  eden space 81408K, 100% used [0x00000000f5500000,0x00000000fa480000,0x00000000fa480000)
  from space 12800K, 63% used [0x00000000fa480000,0x00000000fac6ae40,0x00000000fb100000)
  to   space 18432K, 0% used [0x00000000fe680000,0x00000000fe680000,0x00000000ff880000)
 ParOldGen       total 54272K, used 30218K [0x00000000e0000000, 0x00000000e3500000, 0x00000000f5500000)
  object space 54272K, 55% used [0x00000000e0000000,0x00000000e1d82a08,0x00000000e3500000)
 PSPermGen       total 21504K, used 8886K [0x00000000d0000000, 0x00000000d1500000, 0x00000000e0000000)
  object space 21504K, 41% used [0x00000000d0000000,0x00000000d08adab8,0x00000000d1500000)
Event: 8,891 GC heap after
Heap after GC invocations=11 (full 1):
 PSYoungGen      total 118784K, used 7024K [0x00000000f5500000, 0x00000000fed80000, 0x0000000100000000)
  eden space 111616K, 0% used [0x00000000f5500000,0x00000000f5500000,0x00000000fc200000)
  from space 7168K, 97% used [0x00000000fe680000,0x00000000fed5c030,0x00000000fed80000)
  to   space 17408K, 0% used [0x00000000fcb80000,0x00000000fcb80000,0x00000000fdc80000)
 ParOldGen       total 54272K, used 35626K [0x00000000e0000000, 0x00000000e3500000, 0x00000000f5500000)
  object space 54272K, 65% used [0x00000000e0000000,0x00000000e22caa20,0x00000000e3500000)
 PSPermGen       total 21504K, used 8886K [0x00000000d0000000, 0x00000000d1500000, 0x00000000e0000000)
  object space 21504K, 41% used [0x00000000d0000000,0x00000000d08adab8,0x00000000d1500000)
}
Event: 9,834 GC heap before
{Heap before GC invocations=12 (full 1):
 PSYoungGen      total 118784K, used 118640K [0x00000000f5500000, 0x00000000fed80000, 0x0000000100000000)
  eden space 111616K, 100% used [0x00000000f5500000,0x00000000fc200000,0x00000000fc200000)
  from space 7168K, 97% used [0x00000000fe680000,0x00000000fed5c030,0x00000000fed80000)
  to   space 17408K, 0% used [0x00000000fcb80000,0x00000000fcb80000,0x00000000fdc80000)
 ParOldGen       total 54272K, used 35626K [0x00000000e0000000, 0x00000000e3500000, 0x00000000f5500000)
  object space 54272K, 65% used [0x00000000e0000000,0x00000000e22caa20,0x00000000e3500000)
 PSPermGen       total 21504K, used 8888K [0x00000000d0000000, 0x00000000d1500000, 0x00000000e0000000)
  object space 21504K, 41% used [0x00000000d0000000,0x00000000d08ae3b0,0x00000000d1500000)
Event: 9,873 GC heap after
Heap after GC invocations=12 (full 1):
 PSYoungGen      total 138752K, used 2624K [0x00000000f5500000, 0x0000000100000000, 0x0000000100000000)
  eden space 121344K, 0% used [0x00000000f5500000,0x00000000f5500000,0x00000000fcb80000)
  from space 17408K, 15% used [0x00000000fcb80000,0x00000000fce10000,0x00000000fdc80000)
  to   space 17408K, 0% used [0x00000000fef00000,0x00000000fef00000,0x0000000100000000)
 ParOldGen       total 54272K, used 40486K [0x00000000e0000000, 0x00000000e3500000, 0x00000000f5500000)
  object space 54272K, 74% used [0x00000000e0000000,0x00000000e27899d8,0x00000000e3500000)
 PSPermGen       total 21504K, used 8888K [0x00000000d0000000, 0x00000000d1500000, 0x00000000e0000000)
  object space 21504K, 41% used [0x00000000d0000000,0x00000000d08ae3b0,0x00000000d1500000)
}
Event: 10,158 GC heap before
{Heap before GC invocations=13 (full 1):
 PSYoungGen      total 138752K, used 123968K [0x00000000f5500000, 0x0000000100000000, 0x0000000100000000)
  eden space 121344K, 100% used [0x00000000f5500000,0x00000000fcb80000,0x00000000fcb80000)
  from space 17408K, 15% used [0x00000000fcb80000,0x00000000fce10000,0x00000000fdc80000)
  to   space 17408K, 0% used [0x00000000fef00000,0x00000000fef00000,0x0000000100000000)
 ParOldGen       total 54272K, used 40486K [0x00000000e0000000, 0x00000000e3500000, 0x00000000f5500000)
  object space 54272K, 74% used [0x00000000e0000000,0x00000000e27899d8,0x00000000e3500000)
 PSPermGen       total 21504K, used 8900K [0x00000000d0000000, 0x00000000d1500000, 0x00000000e0000000)
  object space 21504K, 41% used [0x00000000d0000000,0x00000000d08b1398,0x00000000d1500000)
Event: 10,303 GC heap after
Heap after GC invocations=13 (full 1):
 PSYoungGen      total 141312K, used 17408K [0x00000000f5500000, 0x0000000100000000, 0x0000000100000000)
  eden space 123904K, 0% used [0x00000000f5500000,0x00000000f5500000,0x00000000fce00000)
  from space 17408K, 100% used [0x00000000fef00000,0x0000000100000000,0x0000000100000000)
  to   space 25600K, 0% used [0x00000000fce00000,0x00000000fce00000,0x00000000fe700000)
 ParOldGen       total 54784K, used 54406K [0x00000000e0000000, 0x00000000e3580000, 0x00000000f5500000)
  object space 54784K, 99% used [0x00000000e0000000,0x00000000e3521ac8,0x00000000e3580000)
 PSPermGen       total 21504K, used 8900K [0x00000000d0000000, 0x00000000d1500000, 0x00000000e0000000)
  object space 21504K, 41% used [0x00000000d0000000,0x00000000d08b1398,0x00000000d1500000)
}
Event: 10,303 GC heap before
{Heap before GC invocations=14 (full 2):
 PSYoungGen      total 141312K, used 17408K [0x00000000f5500000, 0x0000000100000000, 0x0000000100000000)
  eden space 123904K, 0% used [0x00000000f5500000,0x00000000f5500000,0x00000000fce00000)
  from space 17408K, 100% used [0x00000000fef00000,0x0000000100000000,0x0000000100000000)
  to   space 25600K, 0% used [0x00000000fce00000,0x00000000fce00000,0x00000000fe700000)
 ParOldGen       total 54784K, used 54406K [0x00000000e0000000, 0x00000000e3580000, 0x00000000f5500000)
  object space 54784K, 99% used [0x00000000e0000000,0x00000000e3521ac8,0x00000000e3580000)
 PSPermGen       total 21504K, used 8900K [0x00000000d0000000, 0x00000000d1500000, 0x00000000e0000000)
  object space 21504K, 41% used [0x00000000d0000000,0x00000000d08b1398,0x00000000d1500000)

