# JRE version: OpenJDK Runtime Environment (7.0_65-b32) (build 1.7.0_65-b32)
# Java VM: OpenJDK 64-Bit Server VM (24.65-b04 mixed mode linux-amd64 compressed oops)
Heap
 PSYoungGen      total 147456K, used 0K [0x00000000f5500000, 0x0000000100000000, 0x0000000100000000)
  eden space 122880K, 0% used [0x00000000f5500000,0x00000000f5500000,0x00000000fcd00000)
  from space 24576K, 0% used [0x00000000fcd00000,0x00000000fcd00000,0x00000000fe500000)
  to   space 24064K, 0% used [0x00000000fe880000,0x00000000fe880000,0x0000000100000000)
 ParOldGen       total 55296K, used 38962K [0x00000000e0000000, 0x00000000e3600000, 0x00000000f5500000)
  object space 55296K, 70% used [0x00000000e0000000,0x00000000e260cac0,0x00000000e3600000)
 PSPermGen       total 24576K, used 24241K [0x00000000d0000000, 0x00000000d1800000, 0x00000000e0000000)
  object space 24576K, 98% used [0x00000000d0000000,0x00000000d17ac4a0,0x00000000d1800000)
GC Heap History (10 events):
Event: 11,615 GC heap after
Heap after GC invocations=23 (full 2):
 PSYoungGen      total 151552K, used 1088K [0x00000000f5500000, 0x00000000fff80000, 0x0000000100000000)
  eden space 129024K, 0% used [0x00000000f5500000,0x00000000f5500000,0x00000000fd300000)
  from space 22528K, 4% used [0x00000000fd300000,0x00000000fd410000,0x00000000fe900000)
  to   space 22016K, 0% used [0x00000000fea00000,0x00000000fea00000,0x00000000fff80000)
 ParOldGen       total 55296K, used 27028K [0x00000000e0000000, 0x00000000e3600000, 0x00000000f5500000)
  object space 55296K, 48% used [0x00000000e0000000,0x00000000e1a651a8,0x00000000e3600000)
 PSPermGen       total 21504K, used 8910K [0x00000000d0000000, 0x00000000d1500000, 0x00000000e0000000)
  object space 21504K, 41% used [0x00000000d0000000,0x00000000d08b3a78,0x00000000d1500000)
}
Event: 23,373 GC heap before
{Heap before GC invocations=24 (full 2):
 PSYoungGen      total 151552K, used 130112K [0x00000000f5500000, 0x00000000fff80000, 0x0000000100000000)
  eden space 129024K, 100% used [0x00000000f5500000,0x00000000fd300000,0x00000000fd300000)
  from space 22528K, 4% used [0x00000000fd300000,0x00000000fd410000,0x00000000fe900000)
  to   space 22016K, 0% used [0x00000000fea00000,0x00000000fea00000,0x00000000fff80000)
 ParOldGen       total 55296K, used 27028K [0x00000000e0000000, 0x00000000e3600000, 0x00000000f5500000)
  object space 55296K, 48% used [0x00000000e0000000,0x00000000e1a651a8,0x00000000e3600000)
 PSPermGen       total 21504K, used 14228K [0x00000000d0000000, 0x00000000d1500000, 0x00000000e0000000)
  object space 21504K, 66% used [0x00000000d0000000,0x00000000d0de5178,0x00000000d1500000)
Event: 23,488 GC heap after
Heap after GC invocations=24 (full 2):
 PSYoungGen      total 143872K, used 22004K [0x00000000f5500000, 0x0000000100000000, 0x0000000100000000)
  eden space 121856K, 0% used [0x00000000f5500000,0x00000000f5500000,0x00000000fcc00000)
  from space 22016K, 99% used [0x00000000fea00000,0x00000000fff7d2d0,0x00000000fff80000)
  to   space 26624K, 0% used [0x00000000fcc00000,0x00000000fcc00000,0x00000000fe600000)
 ParOldGen       total 55296K, used 27447K [0x00000000e0000000, 0x00000000e3600000, 0x00000000f5500000)
  object space 55296K, 49% used [0x00000000e0000000,0x00000000e1acde18,0x00000000e3600000)
 PSPermGen       total 21504K, used 14228K [0x00000000d0000000, 0x00000000d1500000, 0x00000000e0000000)
  object space 21504K, 66% used [0x00000000d0000000,0x00000000d0de5178,0x00000000d1500000)
}
Event: 66,401 GC heap before
{Heap before GC invocations=25 (full 2):
 PSYoungGen      total 143872K, used 143860K [0x00000000f5500000, 0x0000000100000000, 0x0000000100000000)
  eden space 121856K, 100% used [0x00000000f5500000,0x00000000fcc00000,0x00000000fcc00000)
  from space 22016K, 99% used [0x00000000fea00000,0x00000000fff7d2d0,0x00000000fff80000)
  to   space 26624K, 0% used [0x00000000fcc00000,0x00000000fcc00000,0x00000000fe600000)
 ParOldGen       total 55296K, used 27447K [0x00000000e0000000, 0x00000000e3600000, 0x00000000f5500000)
  object space 55296K, 49% used [0x00000000e0000000,0x00000000e1acde18,0x00000000e3600000)
 PSPermGen       total 24576K, used 24253K [0x00000000d0000000, 0x00000000d1800000, 0x00000000e0000000)
  object space 24576K, 98% used [0x00000000d0000000,0x00000000d17af4c0,0x00000000d1800000)
Event: 66,555 GC heap after
Heap after GC invocations=25 (full 2):
 PSYoungGen      total 148480K, used 10600K [0x00000000f5500000, 0x0000000100000000, 0x0000000100000000)
  eden space 121856K, 0% used [0x00000000f5500000,0x00000000f5500000,0x00000000fcc00000)
  from space 26624K, 39% used [0x00000000fcc00000,0x00000000fd65a260,0x00000000fe600000)
  to   space 25600K, 0% used [0x00000000fe700000,0x00000000fe700000,0x0000000100000000)
 ParOldGen       total 55296K, used 42736K [0x00000000e0000000, 0x00000000e3600000, 0x00000000f5500000)
  object space 55296K, 77% used [0x00000000e0000000,0x00000000e29bc0e0,0x00000000e3600000)
 PSPermGen       total 24576K, used 24253K [0x00000000d0000000, 0x00000000d1800000, 0x00000000e0000000)
  object space 24576K, 98% used [0x00000000d0000000,0x00000000d17af4c0,0x00000000d1800000)
}
Event: 66,825 GC heap before
{Heap before GC invocations=26 (full 2):
 PSYoungGen      total 148480K, used 132456K [0x00000000f5500000, 0x0000000100000000, 0x0000000100000000)
  eden space 121856K, 100% used [0x00000000f5500000,0x00000000fcc00000,0x00000000fcc00000)
  from space 26624K, 39% used [0x00000000fcc00000,0x00000000fd65a260,0x00000000fe600000)
  to   space 25600K, 0% used [0x00000000fe700000,0x00000000fe700000,0x0000000100000000)
 ParOldGen       total 55296K, used 42736K [0x00000000e0000000, 0x00000000e3600000, 0x00000000f5500000)
  object space 55296K, 77% used [0x00000000e0000000,0x00000000e29bc0e0,0x00000000e3600000)
 PSPermGen       total 24576K, used 24253K [0x00000000d0000000, 0x00000000d1800000, 0x00000000e0000000)
  object space 24576K, 98% used [0x00000000d0000000,0x00000000d17af598,0x00000000d1800000)
Event: 66,897 GC heap after
Heap after GC invocations=26 (full 2):
 PSYoungGen      total 145408K, used 3703K [0x00000000f5500000, 0x00000000ffd00000, 0x0000000100000000)
  eden space 122880K, 0% used [0x00000000f5500000,0x00000000f5500000,0x00000000fcd00000)
  from space 22528K, 16% used [0x00000000fe700000,0x00000000fea9de08,0x00000000ffd00000)
  to   space 24576K, 0% used [0x00000000fcd00000,0x00000000fcd00000,0x00000000fe500000)
 ParOldGen       total 55296K, used 42736K [0x00000000e0000000, 0x00000000e3600000, 0x00000000f5500000)
  object space 55296K, 77% used [0x00000000e0000000,0x00000000e29bc0e0,0x00000000e3600000)
 PSPermGen       total 24576K, used 24253K [0x00000000d0000000, 0x00000000d1800000, 0x00000000e0000000)
  object space 24576K, 98% used [0x00000000d0000000,0x00000000d17af598,0x00000000d1800000)
}
Event: 67,110 GC heap before
{Heap before GC invocations=27 (full 2):
 PSYoungGen      total 145408K, used 126583K [0x00000000f5500000, 0x00000000ffd00000, 0x0000000100000000)
  eden space 122880K, 100% used [0x00000000f5500000,0x00000000fcd00000,0x00000000fcd00000)
  from space 22528K, 16% used [0x00000000fe700000,0x00000000fea9de08,0x00000000ffd00000)
  to   space 24576K, 0% used [0x00000000fcd00000,0x00000000fcd00000,0x00000000fe500000)
 ParOldGen       total 55296K, used 42736K [0x00000000e0000000, 0x00000000e3600000, 0x00000000f5500000)
  object space 55296K, 77% used [0x00000000e0000000,0x00000000e29bc0e0,0x00000000e3600000)
 PSPermGen       total 24576K, used 24253K [0x00000000d0000000, 0x00000000d1800000, 0x00000000e0000000)
  object space 24576K, 98% used [0x00000000d0000000,0x00000000d17af598,0x00000000d1800000)
Event: 67,126 GC heap after
Heap after GC invocations=27 (full 2):
 PSYoungGen      total 147456K, used 32K [0x00000000f5500000, 0x0000000100000000, 0x0000000100000000)
  eden space 122880K, 0% used [0x00000000f5500000,0x00000000f5500000,0x00000000fcd00000)
  from space 24576K, 0% used [0x00000000fcd00000,0x00000000fcd08000,0x00000000fe500000)
  to   space 24064K, 0% used [0x00000000fe880000,0x00000000fe880000,0x0000000100000000)
 ParOldGen       total 55296K, used 46447K [0x00000000e0000000, 0x00000000e3600000, 0x00000000f5500000)
  object space 55296K, 83% used [0x00000000e0000000,0x00000000e2d5bd48,0x00000000e3600000)
 PSPermGen       total 24576K, used 24253K [0x00000000d0000000, 0x00000000d1800000, 0x00000000e0000000)
  object space 24576K, 98% used [0x00000000d0000000,0x00000000d17af598,0x00000000d1800000)
}
Event: 67,127 GC heap before
{Heap before GC invocations=28 (full 3):
 PSYoungGen      total 147456K, used 32K [0x00000000f5500000, 0x0000000100000000, 0x0000000100000000)
  eden space 122880K, 0% used [0x00000000f5500000,0x00000000f5500000,0x00000000fcd00000)
  from space 24576K, 0% used [0x00000000fcd00000,0x00000000fcd08000,0x00000000fe500000)
  to   space 24064K, 0% used [0x00000000fe880000,0x00000000fe880000,0x0000000100000000)
 ParOldGen       total 55296K, used 46447K [0x00000000e0000000, 0x00000000e3600000, 0x00000000f5500000)
  object space 55296K, 83% used [0x00000000e0000000,0x00000000e2d5bd48,0x00000000e3600000)
 PSPermGen       total 24576K, used 24253K [0x00000000d0000000, 0x00000000d1800000, 0x00000000e0000000)
  object space 24576K, 98% used [0x00000000d0000000,0x00000000d17af598,0x00000000d1800000)

